This file contains any messages produced by compilers while
running configure, to aid debugging if configure makes a mistake.

It was created by PCRE2 configure 10.32, which was
generated by GNU Autoconf 2.69.  Invocation command line was

  $ ./configure --build=x86_64-linux-gnu --prefix=/usr --includedir=${prefix}/include --mandir=${prefix}/share/man --infodir=${prefix}/share/info --sysconfdir=/etc --localstatedir=/var --disable-silent-rules --libdir=${prefix}/lib/x86_64-linux-gnu --libexecdir=${prefix}/lib/x86_64-linux-gnu --disable-maintainer-mode --disable-dependency-tracking --enable-pcre2-16 --enable-pcre2-32 --enable-jit

## --------- ##
## Platform. ##
## --------- ##

hostname = server
uname -m = x86_64
uname -r = 4.18.0-2-amd64
uname -s = Linux
uname -v = #1 SMP Debian 4.18.10-2 (2018-11-02)

/usr/bin/uname -p = unknown
/bin/uname -X     = unknown

/bin/arch              = unknown
/usr/bin/arch -k       = unknown
/usr/convex/getsysinfo = unknown
/usr/bin/hostinfo      = unknown
/bin/machine           = unknown
/usr/bin/oslevel       = unknown
/bin/universe          = unknown

PATH: /usr/local/bin
PATH: /opt/intel/compilers_and_libraries/linux/pkg_bin/intel64
PATH: /usr/sbin
PATH: /usr/bin
PATH: /sbin
PATH: /bin
PATH: /usr/bin/X11


## ----------- ##
## Core tests. ##
## ----------- ##

configure:2421: loading site script /usr/share/config.site
| # BASH
| #: ${CONFIG_SITE:?CONFIG_SITE not set}
| 
| [[ :$LD_LIBRARY_PATH: != *":/opt/intel/tbb/lib/intel64/gcc4.7:"* ]] && LD_LIBRARY_PATH=/opt/intel/tbb/lib/intel64/gcc4.7:$LD_LIBRARY_PATH
| [[ :$LD_LIBRARY_PATH: != *":/opt/intel/compilers_and_libraries/linux/mpi/intel64/lib:"* ]] && LD_LIBRARY_PATH=/opt/intel/compilers_and_libraries/linux/mpi/intel64/lib:$LD_LIBRARY_PATH
| [[ :$LD_LIBRARY_PATH: != *":/opt/intel/compilers_and_libraries/linux/mpi/intel64/lib/release:"* ]] && LD_LIBRARY_PATH=/opt/intel/compilers_and_libraries/linux/mpi/intel64/lib/release:$LD_LIBRARY_PATH
| [[ :$LD_LIBRARY_PATH: != *":/opt/intel/compilers_and_libraries/linux/mpi/intel64/libfabric/lib:"* ]] && LD_LIBRARY_PATH=/opt/intel/compilers_and_libraries/linux/mpi/intel64/libfabric/lib:$LD_LIBRARY_PATH
| [[ :$LD_LIBRARY_PATH: != *":/opt/intel/lib/intel64:"* ]] && LD_LIBRARY_PATH=/opt/intel/lib/intel64:$LD_LIBRARY_PATH
| 
| FI_PROVIDER_PATH=/opt/intel/compilers_and_libraries/linux/mpi/intel64/libfabric/lib/prov
| 
| [[ :$CLASSPATH: != *":/opt/intel/compilers_and_libraries/linux/mpi/intel64/lib/mpi.jar:"* ]] && CLASSPATH=/opt/intel/compilers_and_libraries/linux/mpi/intel64/lib/mpi.jar:$CLASSPATH
| 
| [[ :$CPATH: != *":/opt/intel/tbb/include:"* ]] && CPATH=/opt/intel/tbb/include:$CPATH
| [[ :$CPATH: != *":/opt/intel/pstl/include:"* ]] && CPATH=/opt/intel/pstl/include:$CPATH
| 
| 
| NLSPATH=/opt/intel/lib/intel64/locale/en_US/%N
| 
| [[ :$LIBRARY_PATH: != *":/opt/intel/tbb/lib/intel64/gcc4.7:"* ]] && LIBRARY_PATH=/opt/intel/tbb/lib/intel64/gcc4.7:$LIBRARY_PATH
| [[ :$LIBRARY_PATH: != *":/opt/intel/compilers_and_libraries/linux/mpi/intel64/libfabric/lib:"* ]] && LIBRARY_PATH=/opt/intel/compilers_and_libraries/linux/mpi/intel64/libfabric/lib:$LIBRARY_PATH
| 
| PSTLROOT=/opt/intel/pstl
| [[ :$PATH: != *":/opt/intel/parallel_studio_xe_2019/bin:"* ]] && PATH=$PATH:/opt/intel/parallel_studio_xe_2019/bin
| [[ :$PATH: != *":/opt/intel/compilers_and_libraries/linux/mpi/intel64/bin:"* ]] && PATH=/opt/intel/compilers_and_libraries/linux/mpi/intel64/bin:$PATH
| [[ :$PATH: != *":/opt/intel/compilers_and_libraries/linux/mpi/intel64/libfabric/bin:"* ]] && PATH=/opt/intel/compilers_and_libraries/linux/mpi/intel64/libfabric/bin:$PATH
| [[ :$PATH: != *":/opt/intel/compilers_and_libraries/linux/pkg_bin/intel64:"* ]] && PATH=/opt/intel/compilers_and_libraries/linux/pkg_bin/intel64:$PATH
| 
| TBBROOT=/opt/intel/tbb
| I_MPI_ROOT=/opt/intel/compilers_and_libraries/linux/mpi
| INTEL_LICENSE_FILE=/opt/intel/licenses
| 
| CC=icc.pl
| CXX=icpc.pl
| LTCC=icc.pl
| LTCXX=icpc.pl
| LANGUAGE=C
| LC_ALL=C
| 
| CPP='icc.pl -E'
| CXXCPP='icpc.pl -E'
| 
| INSTALL=/usr/bin/install
| 
| MKDIR_P='/bin/mkdir -p'
| 
| AWK=/usr/bin/gawk
| 
| AS=/usr/bin/x86_64-linux-gnu-as
| AR=xiar.pl
| #RANLIB='xiar s'
| MAGIC_CMD=/usr/bin/file
| CONFIG_SHELL=/bin/bash
| ECHO='/usr/bin/printf %s\n'
| ECHO_T='	' # assuming shell is BASH! if zsh we define ECHO_C=\c
| EGREP='/bin/grep -E'
| FGREP='/bin/grep -F'
| GCC=yes
| GCC_CXX=yes
| GREP=/bin/grep
| #LD='xild -m elf_x86_64'
| LN_S='ln -s'
| NM='/usr/bin/x86_64-linux-gnu-nm -B'
| OBJDUMP=/usr/bin/x86_64-linux-gnu-objdump
| PERL=/usr/bin/perl
| PKG_CONFIG=/usr/bin/pkg-config
| SED=/bin/sed
| SHELL=/bin/bash
| STRIP=/usr/bin/x86_64-linux-gnu-strip
| Xsed='/bin/sed -e 1s/^X//'
| YACC='/usr/bin/bison -y'
| CC_FOR_BUILD=icc.pl
| CXX_FOR_BUILD=icpc.pl
| 
| CPP_FOR_BUILD='icc.pl -E'
| CXXCPP_FOR_BUILD='icpc.pl -E'
| 
| ax_cv_c_float_words_bigendian=no
| 
| 
| 
| # BASH=/bin/bash
| # CONFIG_STATUS=./config.status
| # DEFS=-DHAVE_CONFIG_H
| # DUALCASE=1
| ECHO_N=-n
| ECHO_T='	'
| EGREP='/bin/grep -E'
| EXEEXT=
| GCC=yes
| GREP=/bin/grep
| # HOSTNAME=server
| HOSTTYPE=x86_64
| 
| INSTALL='/usr/bin/install'
| INSTALL_DATA='${INSTALL} -m 644'
| INSTALL_PROGRAM='${INSTALL}'
| INSTALL_SCRIPT='${INSTALL}'
| # LIBOBJS=
| # LTLIBOBJS=
| MACHTYPE=x86_64-pc-linux-gnu
| MAKEFLAGS='-l 8'
| OBJEXT=o
| # OPTERR=1
| # OPTIND=1
| OSTYPE=linux-gnu
| # PACKAGE_BUGREPORT=
| # PACKAGE_NAME=
| # PACKAGE_STRING=
| # PACKAGE_TARNAME=
| # PACKAGE_URL=
| # PACKAGE_VERSION=
| PATH_SEPARATOR=:
| POSIXLY_CORRECT=y
| RANLIB=/usr/bin/x86_64-linux-gnu-ranlib
| 
| ac_build_alias=x86_64-pc-linux-gnu
| 
| ac_ct_AR=xiar.pl
| ac_ct_CC=icc.pl
| ac_ct_RANLIB=x86_64-linux-gnu-ranlib
| ac_cv_build=x86_64-pc-linux-gnu
| ac_cv_c_bigendian=no
| ac_cv_c_compiler_clang=no
| ac_cv_c_compiler_gnu=yes
| ac_cv_func_asprintf=yes
| ac_cv_func_gethostname=yes
| ac_cv_func_getopt_long=yes
| ac_cv_func_getpwuid=yes
| ac_cv_func_gettimeofday=yes
| ac_cv_func_mkstemp=yes
| ac_cv_func_realpath=yes
| ac_cv_func_setenv=yes
| ac_cv_func_snprintf=yes
| ac_cv_func_strndup=yes
| ac_cv_func_strtok_r=yes
| ac_cv_func_unsetenv=yes
| ac_cv_func_utimes=yes
| ac_cv_func_vasprintf=yes
| ac_cv_func_vsnprintf=yes
| ac_cv_header_ctype_h=yes
| ac_cv_header_dirent_dirent_h=yes
| ac_cv_header_inttypes_h=yes
| ac_cv_header_memory_h=yes
| ac_cv_header_pwd_h=yes
| ac_cv_header_stdarg_h=yes
| ac_cv_header_stdc=yes
| ac_cv_header_stdint_h=yes
| ac_cv_header_stdlib_h=yes
| ac_cv_header_string_h=yes
| ac_cv_header_strings_h=yes
| ac_cv_header_sys_mman_h=yes
| ac_cv_header_sys_stat_h=yes
| ac_cv_header_sys_time_h=yes
| ac_cv_header_sys_types_h=yes
| ac_cv_header_sys_wait_h=yes
| ac_cv_header_termios_h=yes
| ac_cv_header_time=yes
| ac_cv_header_unistd_h=yes
| ac_cv_header_varargs_h=no
| ac_cv_host=x86_64-pc-linux-gnu
| ac_cv_objext=o
| ac_cv_path_EGREP='/bin/grep -E'
| ac_cv_path_GREP=/bin/grep
| ac_cv_path_ac_pt_BASH=/bin/bash
| ac_cv_path_install=/usr/bin/install
| ac_cv_prog_CPP='icc.pl -E'
| ac_cv_prog_ac_ct_AR=xiar.pl
| ac_cv_prog_ac_ct_CC=icc.pl
| ac_cv_prog_ac_ct_RANLIB=ranlib
| ac_cv_prog_cc_c89='-std=gnu89' #ISO C90 plus GNU* extensions
| ac_cv_prog_cc_c99='-std=gnu99'
| # ac_cv_prog_cc_g=yes
| ac_cv_search_cos='none required'
| ac_cv_search_opendir='none required'
| ac_cv_type_long_long=yes
| ac_cv_type_unsigned_long_long_int=yes
| 
| ac_default_prefix=/usr
| 
| 
| build=x86_64-pc-linux-gnu
| build_cpu=x86_64
| build_os=linux-gnu
| build_vendor=pc
| cache_file=/dev/null
| cross_compiling=no
| 
| host=x86_64-pc-linux-gnu
| host_cpu=x86_64
| host_os=linux-gnu
| host_vendor=pc
| hw_cv_func_asprintf=yes
| hw_cv_func_snprintf=yes
| hw_cv_func_snprintf_c99=yes
| hw_cv_func_vasprintf=yes
| hw_cv_func_vsnprintf=yes
| hw_cv_func_vsnprintf_c99=yes
| 
| #program_prefix=NONE
| #program_suffix=NONE
| 
| # silent=
| # site=
| # srcdir=.
| # subdirs=
| # target=
| # test_suites='unittest/test_args.c thisismadeup/crap.c'
| 
| verbose=yes
| #version=unknown
| 
| test "$prefix" = NONE && prefix=/usr
| test "$exec_prefix" = NONE && exec_prefix=/usr
| 
| bindir='${exec_prefix}/bin'
| sbindir='${exec_prefix}/sbin'
| includedir='${prefix}/include'
| libdir='${exec_prefix}/lib'
| test "$libexecdir" = NONE && libexecdir='${prefix}/lib/${PACKAGE}'
| 
| #oldincludedir for non-gcc headers
| 
| if test "$prefix" = /usr; then
| 	test "$sysconfdir" = '${prefix}/etc' && sysconfdir=/etc
| 	test "$sharedstatedir" = '${prefix}/com' && sharedstatedir=/var
| 	test "$localstatedir" = '${prefix}/var' && localstatedir=/var
| else
| 	test "$sysconfdir" = NONE && sysconfdir='${prefix}/etc'
| 	test "$sharedstatedir" = NONE && sharedstatedir='${prefix}/com'
| 	test "$localstatedir" = NONE && localstatedir='${prefix}/var'
| fi
| runstatedir='${localstatedir}/run'
| 
| datarootdir='${prefix}/share'
| infodir='${datarootdir}/info'
| #libexecdir='${exec_prefix}/libexec'
| localedir='${datarootdir}/locale'
| mandir='${datarootdir}/man'
| datadir='${datarootdir}'
| # define_xopen_source=yes
| docdir='${datarootdir}/doc/${PACKAGE}'
| pdfdir='${docdir}'
| psdir='${docdir}'
| dvidir='${docdir}'
| htmldir='${docdir}'
configure:2563: checking for a BSD-compatible install
configure:2631: result: /usr/bin/install
configure:2642: checking whether build environment is sane
configure:2697: result: yes
configure:2848: checking for a thread-safe mkdir -p
configure:2887: result: /bin/mkdir -p
configure:2894: checking for gawk
configure:2921: result: /usr/bin/gawk
configure:2932: checking whether make sets $(MAKE)
configure:2954: result: yes
configure:2983: checking whether make supports nested variables
configure:3000: result: yes
configure:3137: checking whether make supports nested variables
configure:3154: result: yes
configure:3229: checking for gcc
configure:3256: result: icc.pl
configure:3485: checking for C compiler version
configure:3494: icc.pl --version >&5
icc (ICC) 19.0.1.144 20181018
Copyright (C) 1985-2018 Intel Corporation.  All rights reserved.

configure:3505: $? = 0
configure:3494: icc.pl -v >&5
__INTEL_PRE_CFLAGS options:  
-diag-enableall
-diag-disable=10013,10385,10237,10346
-diag-error-limit=1
-diag-onceall

__INTEL_POST_CFLAGS options:  
-Wl,--relax,--gc-sections,-O,2
-pipe
-D__POPCNT__
... rest of stderr output deleted ...
configure:3505: $? = 1
configure:3494: icc.pl -V >&5
GNU ld (GNU Binutils for Debian) 2.31.1
Intel(R) C Intel(R) 64 Compiler for applications running on Intel(R) 64, Version 19.0.1.144 Build 20181018
Copyright (C) 1985-2018 Intel Corporation.  All rights reserved.

x86_64-linux-gnu-ld: /lib/x86_64-linux-gnu/libz.so.1: no version information available (required by /usr/lib/x86_64-linux-gnu/libbfd-2.31.1-system.so)
x86_64-linux-gnu-ld: /usr/lib/gcc/x86_64-linux-gnu/8/../../../x86_64-linux-gnu/Scrt1.o: in function `_start':
(.text+0x20): undefined reference to `main'
configure:3505: $? = 1
configure:3494: icc.pl -qversion >&5
x86_64-linux-gnu-ld: /lib/x86_64-linux-gnu/libz.so.1: no version information available (required by /usr/lib/x86_64-linux-gnu/libbfd-2.31.1-system.so)
x86_64-linux-gnu-ld: /usr/lib/gcc/x86_64-linux-gnu/8/../../../x86_64-linux-gnu/Scrt1.o: in function `_start':
(.text+0x20): undefined reference to `main'
configure:3505: $? = 1
configure:3525: checking whether the C compiler works
configure:3547: icc.pl -g -O2 -fdebug-prefix-map=/dev/shm/libpcre2/pcre2=. -Wformat -march=native -pipe -Wformat-security -Dregcomp=PCRE2regcomp -Dregexec=PCRE2regexec -Dregerror=PCRE2regerror -Dregfree=PCRE2regfree -Wdate-time -D_FORTIFY_SOURCE=2  conftest.c  >&5
ipo: remark #11001: performing single-file optimizations
ipo: remark #11006: generating object file /tmp/intel/ipo_iccfOgBQd.o
x86_64-linux-gnu-ld: /lib/x86_64-linux-gnu/libz.so.1: no version information available (required by /usr/lib/x86_64-linux-gnu/libbfd-2.31.1-system.so)
configure:3551: $? = 0
configure:3599: result: yes
configure:3602: checking for C compiler default output file name
configure:3604: result: a.out
configure:3610: checking for suffix of executables
configure:3617: icc.pl -o conftest -g -O2 -fdebug-prefix-map=/dev/shm/libpcre2/pcre2=. -Wformat -march=native -pipe -Wformat-security -Dregcomp=PCRE2regcomp -Dregexec=PCRE2regexec -Dregerror=PCRE2regerror -Dregfree=PCRE2regfree -Wdate-time -D_FORTIFY_SOURCE=2  conftest.c  >&5
ipo: remark #11001: performing single-file optimizations
ipo: remark #11006: generating object file /tmp/intel/ipo_icclU01hU.o
x86_64-linux-gnu-ld: /lib/x86_64-linux-gnu/libz.so.1: no version information available (required by /usr/lib/x86_64-linux-gnu/libbfd-2.31.1-system.so)
configure:3621: $? = 0
configure:3643: result: 
configure:3665: checking whether we are cross compiling
configure:3673: icc.pl -o conftest -g -O2 -fdebug-prefix-map=/dev/shm/libpcre2/pcre2=. -Wformat -march=native -pipe -Wformat-security -Dregcomp=PCRE2regcomp -Dregexec=PCRE2regexec -Dregerror=PCRE2regerror -Dregfree=PCRE2regfree -Wdate-time -D_FORTIFY_SOURCE=2  conftest.c  >&5
conftest.c(19): remark #111: statement is unreachable
    return 0;
    ^

ipo: remark #11001: performing single-file optimizations
ipo: remark #11006: generating object file /tmp/intel/ipo_iccC4zu7z.o
x86_64-linux-gnu-ld: /lib/x86_64-linux-gnu/libz.so.1: no version information available (required by /usr/lib/x86_64-linux-gnu/libbfd-2.31.1-system.so)
configure:3677: $? = 0
configure:3684: ./conftest
configure:3688: $? = 0
configure:3703: result: no
configure:3708: checking for suffix of object files
configure:3755: result: o
configure:3759: checking whether we are using the GNU C compiler
configure:3787: result: yes
configure:3796: checking whether icc.pl accepts -g
configure:3816: icc.pl -c -g -Wdate-time -D_FORTIFY_SOURCE=2 conftest.c >&5
configure:3816: $? = 0
configure:3857: result: yes
configure:3874: checking for icc.pl option to accept ISO C89
configure:3957: result: -std=gnu89
configure:3975: checking whether icc.pl -std=gnu89 understands -c and -o together
configure:3997: icc.pl -std=gnu89 -c conftest.c -o conftest2.o
configure:4000: $? = 0
configure:3997: icc.pl -std=gnu89 -c conftest.c -o conftest2.o
configure:4000: $? = 0
configure:4012: result: yes
configure:4032: checking whether make supports the include directive
configure:4047: make -f confmf.GNU && cat confinc.out
make[2]: Entering directory '/dev/shm/libpcre2/pcre2'
make[2]: Leaving directory '/dev/shm/libpcre2/pcre2'
this is the am__doit target
configure:4050: $? = 0
configure:4069: result: yes (GNU style)
configure:4094: checking dependency style of icc.pl -std=gnu89
configure:4205: result: none
configure:4227: checking how to run the C preprocessor
configure:4297: result: icc.pl -E
configure:4317: icc.pl -E -Wdate-time -D_FORTIFY_SOURCE=2 conftest.c
configure:4317: $? = 0
configure:4331: icc.pl -E -Wdate-time -D_FORTIFY_SOURCE=2 conftest.c
conftest.c(11): error #2379: cannot open source file "ac_nonexistent.h"
  #include <ac_nonexistent.h>
                             ^

configure:4331: $? = 4
configure: failed program was:
| /* confdefs.h */
| #define PACKAGE_NAME "PCRE2"
| #define PACKAGE_TARNAME "pcre2"
| #define PACKAGE_VERSION "10.32"
| #define PACKAGE_STRING "PCRE2 10.32"
| #define PACKAGE_BUGREPORT ""
| #define PACKAGE_URL ""
| #define PACKAGE "pcre2"
| #define VERSION "10.32"
| /* end confdefs.h.  */
| #include <ac_nonexistent.h>
configure:4360: checking for grep that handles long lines and -e
configure:4418: result: /bin/grep
configure:4423: checking for egrep
configure:4485: result: /bin/grep -E
configure:4490: checking for ANSI C header files
configure:4594: result: yes
configure:4607: checking for sys/types.h
configure:4607: result: yes
configure:4607: checking for sys/stat.h
configure:4607: result: yes
configure:4607: checking for stdlib.h
configure:4607: result: yes
configure:4607: checking for string.h
configure:4607: result: yes
configure:4607: checking for memory.h
configure:4607: result: yes
configure:4607: checking for strings.h
configure:4607: result: yes
configure:4607: checking for inttypes.h
configure:4607: result: yes
configure:4607: checking for stdint.h
configure:4607: result: yes
configure:4607: checking for unistd.h
configure:4607: result: yes
configure:4620: checking minix/config.h usability
configure:4620: icc.pl -std=gnu89 -c -g -O2 -fdebug-prefix-map=/dev/shm/libpcre2/pcre2=. -Wformat -march=native -pipe -Wformat-security -Dregcomp=PCRE2regcomp -Dregexec=PCRE2regexec -Dregerror=PCRE2regerror -Dregfree=PCRE2regfree -Wdate-time -D_FORTIFY_SOURCE=2 conftest.c >&5
conftest.c(54): catastrophic error: cannot open source file "minix/config.h"
  #include <minix/config.h>
                           ^

compilation aborted for conftest.c (code 4)
configure:4620: $? = 4
configure: failed program was:
| /* confdefs.h */
| #define PACKAGE_NAME "PCRE2"
| #define PACKAGE_TARNAME "pcre2"
| #define PACKAGE_VERSION "10.32"
| #define PACKAGE_STRING "PCRE2 10.32"
| #define PACKAGE_BUGREPORT ""
| #define PACKAGE_URL ""
| #define PACKAGE "pcre2"
| #define VERSION "10.32"
| #define STDC_HEADERS 1
| #define HAVE_SYS_TYPES_H 1
| #define HAVE_SYS_STAT_H 1
| #define HAVE_STDLIB_H 1
| #define HAVE_STRING_H 1
| #define HAVE_MEMORY_H 1
| #define HAVE_STRINGS_H 1
| #define HAVE_INTTYPES_H 1
| #define HAVE_STDINT_H 1
| #define HAVE_UNISTD_H 1
| /* end confdefs.h.  */
| #include <stdio.h>
| #ifdef HAVE_SYS_TYPES_H
| # include <sys/types.h>
| #endif
| #ifdef HAVE_SYS_STAT_H
| # include <sys/stat.h>
| #endif
| #ifdef STDC_HEADERS
| # include <stdlib.h>
| # include <stddef.h>
| #else
| # ifdef HAVE_STDLIB_H
| #  include <stdlib.h>
| # endif
| #endif
| #ifdef HAVE_STRING_H
| # if !defined STDC_HEADERS && defined HAVE_MEMORY_H
| #  include <memory.h>
| # endif
| # include <string.h>
| #endif
| #ifdef HAVE_STRINGS_H
| # include <strings.h>
| #endif
| #ifdef HAVE_INTTYPES_H
| # include <inttypes.h>
| #endif
| #ifdef HAVE_STDINT_H
| # include <stdint.h>
| #endif
| #ifdef HAVE_UNISTD_H
| # include <unistd.h>
| #endif
| #include <minix/config.h>
configure:4620: result: no
configure:4620: checking minix/config.h presence
configure:4620: icc.pl -E -Wdate-time -D_FORTIFY_SOURCE=2 conftest.c
conftest.c(21): error #2379: cannot open source file "minix/config.h"
  #include <minix/config.h>
                           ^

configure:4620: $? = 4
configure: failed program was:
| /* confdefs.h */
| #define PACKAGE_NAME "PCRE2"
| #define PACKAGE_TARNAME "pcre2"
| #define PACKAGE_VERSION "10.32"
| #define PACKAGE_STRING "PCRE2 10.32"
| #define PACKAGE_BUGREPORT ""
| #define PACKAGE_URL ""
| #define PACKAGE "pcre2"
| #define VERSION "10.32"
| #define STDC_HEADERS 1
| #define HAVE_SYS_TYPES_H 1
| #define HAVE_SYS_STAT_H 1
| #define HAVE_STDLIB_H 1
| #define HAVE_STRING_H 1
| #define HAVE_MEMORY_H 1
| #define HAVE_STRINGS_H 1
| #define HAVE_INTTYPES_H 1
| #define HAVE_STDINT_H 1
| #define HAVE_UNISTD_H 1
| /* end confdefs.h.  */
| #include <minix/config.h>
configure:4620: result: no
configure:4620: checking for minix/config.h
configure:4620: result: no
configure:4641: checking whether it is safe to define __EXTENSIONS__
configure:4659: icc.pl -std=gnu89 -c -g -O2 -fdebug-prefix-map=/dev/shm/libpcre2/pcre2=. -Wformat -march=native -pipe -Wformat-security -Dregcomp=PCRE2regcomp -Dregexec=PCRE2regexec -Dregerror=PCRE2regerror -Dregfree=PCRE2regfree -Wdate-time -D_FORTIFY_SOURCE=2 conftest.c >&5
configure:4659: $? = 0
configure:4666: result: yes
configure:4795: checking the archiver (xiar.pl) interface
configure:4811: icc.pl -std=gnu89 -c -g -O2 -fdebug-prefix-map=/dev/shm/libpcre2/pcre2=. -Wformat -march=native -pipe -Wformat-security -Dregcomp=PCRE2regcomp -Dregexec=PCRE2regexec -Dregerror=PCRE2regerror -Dregfree=PCRE2regfree -Wdate-time -D_FORTIFY_SOURCE=2 conftest.c >&5
configure:4811: $? = 0
configure:4813: xiar.pl cru libconftest.a conftest.o >&5
xiar: executing 'ar'
ar: /lib/x86_64-linux-gnu/libz.so.1: no version information available (required by /usr/lib/x86_64-linux-gnu/libbfd-2.31.1-system.so)
ar: `u' modifier ignored since `D' is the default (see `U')
configure:4816: $? = 0
configure:4844: result: ar
configure:4866: checking for int64_t
configure:4866: icc.pl -std=gnu89 -c -g -O2 -fdebug-prefix-map=/dev/shm/libpcre2/pcre2=. -Wformat -march=native -pipe -Wformat-security -Dregcomp=PCRE2regcomp -Dregexec=PCRE2regexec -Dregerror=PCRE2regerror -Dregfree=PCRE2regfree -Wdate-time -D_FORTIFY_SOURCE=2 conftest.c >&5
conftest.c(68): remark #111: statement is unreachable
    return 0;
    ^

configure:4866: $? = 0
configure:4866: icc.pl -std=gnu89 -c -g -O2 -fdebug-prefix-map=/dev/shm/libpcre2/pcre2=. -Wformat -march=native -pipe -Wformat-security -Dregcomp=PCRE2regcomp -Dregexec=PCRE2regexec -Dregerror=PCRE2regerror -Dregfree=PCRE2regfree -Wdate-time -D_FORTIFY_SOURCE=2 conftest.c >&5
conftest.c(64): warning #61: integer operation result is out of range
  		 < (int64_t) (((((int64_t) 1 << N) << N) - 1) * 2 + 2))];
  		                                                  ^

conftest.c(63): error: the size of an array must be greater than zero
  static int test_array [1 - 2 * !((int64_t) (((((int64_t) 1 << N) << N) - 1) * 2 + 1)
                         ^

compilation aborted for conftest.c (code 4)
configure:4866: $? = 4
configure: failed program was:
| /* confdefs.h */
| #define PACKAGE_NAME "PCRE2"
| #define PACKAGE_TARNAME "pcre2"
| #define PACKAGE_VERSION "10.32"
| #define PACKAGE_STRING "PCRE2 10.32"
| #define PACKAGE_BUGREPORT ""
| #define PACKAGE_URL ""
| #define PACKAGE "pcre2"
| #define VERSION "10.32"
| #define STDC_HEADERS 1
| #define HAVE_SYS_TYPES_H 1
| #define HAVE_SYS_STAT_H 1
| #define HAVE_STDLIB_H 1
| #define HAVE_STRING_H 1
| #define HAVE_MEMORY_H 1
| #define HAVE_STRINGS_H 1
| #define HAVE_INTTYPES_H 1
| #define HAVE_STDINT_H 1
| #define HAVE_UNISTD_H 1
| #define __EXTENSIONS__ 1
| #define _ALL_SOURCE 1
| #define _GNU_SOURCE 1
| #define _POSIX_PTHREAD_SEMANTICS 1
| #define _TANDEM_SOURCE 1
| /* end confdefs.h.  */
| #include <stdio.h>
| #ifdef HAVE_SYS_TYPES_H
| # include <sys/types.h>
| #endif
| #ifdef HAVE_SYS_STAT_H
| # include <sys/stat.h>
| #endif
| #ifdef STDC_HEADERS
| # include <stdlib.h>
| # include <stddef.h>
| #else
| # ifdef HAVE_STDLIB_H
| #  include <stdlib.h>
| # endif
| #endif
| #ifdef HAVE_STRING_H
| # if !defined STDC_HEADERS && defined HAVE_MEMORY_H
| #  include <memory.h>
| # endif
| # include <string.h>
| #endif
| #ifdef HAVE_STRINGS_H
| # include <strings.h>
| #endif
| #ifdef HAVE_INTTYPES_H
| # include <inttypes.h>
| #endif
| #ifdef HAVE_STDINT_H
| # include <stdint.h>
| #endif
| #ifdef HAVE_UNISTD_H
| # include <unistd.h>
| #endif
| 	        enum { N = 64 / 2 - 1 };
| int
| main ()
| {
| static int test_array [1 - 2 * !((int64_t) (((((int64_t) 1 << N) << N) - 1) * 2 + 1)
| 		 < (int64_t) (((((int64_t) 1 << N) << N) - 1) * 2 + 2))];
| test_array [0] = 0;
| return test_array [0];
| 
|   ;
|   return 0;
| }
configure:4866: result: yes
configure:4883: checking build system type
configure:4897: result: x86_64-pc-linux-gnu
configure:4917: checking host system type
configure:4930: result: x86_64-pc-linux-gnu
configure:5299: checking how to print strings
configure:5326: result: printf
configure:5347: checking for a sed that does not truncate output
configure:5411: result: /bin/sed
configure:5429: checking for fgrep
configure:5491: result: /bin/grep -F
configure:5526: checking for ld used by icc.pl -std=gnu89
configure:5593: result: /usr/bin/ld
configure:5600: checking if the linker (/usr/bin/ld) is GNU ld
configure:5615: result: yes
configure:5627: checking for BSD- or MS-compatible name lister (nm)
configure:5681: result: /usr/bin/x86_64-linux-gnu-nm -B
configure:5811: checking the name lister (/usr/bin/x86_64-linux-gnu-nm -B) interface
configure:5818: icc.pl -std=gnu89 -c -g -O2 -fdebug-prefix-map=/dev/shm/libpcre2/pcre2=. -Wformat -march=native -pipe -Wformat-security -Dregcomp=PCRE2regcomp -Dregexec=PCRE2regexec -Dregerror=PCRE2regerror -Dregfree=PCRE2regfree -Wdate-time -D_FORTIFY_SOURCE=2 conftest.c >&5
configure:5821: /usr/bin/x86_64-linux-gnu-nm -B "conftest.o"
/usr/bin/x86_64-linux-gnu-nm: /lib/x86_64-linux-gnu/libz.so.1: no version information available (required by /usr/lib/x86_64-linux-gnu/libbfd-2.31.1-system.so)
configure:5824: output
0000000000000000 N .debug_info_seg
0000000000000000 B some_variable
configure:5831: result: BSD nm
configure:5834: checking whether ln -s works
configure:5838: result: yes
configure:5846: checking the maximum length of command line arguments
configure:5977: result: 1572864
configure:6025: checking how to convert x86_64-pc-linux-gnu file names to x86_64-pc-linux-gnu format
configure:6065: result: func_convert_file_noop
configure:6072: checking how to convert x86_64-pc-linux-gnu file names to toolchain format
configure:6092: result: func_convert_file_noop
configure:6099: checking for /usr/bin/ld option to reload object files
configure:6106: result: -r
configure:6180: checking for objdump
configure:6207: result: /usr/bin/x86_64-linux-gnu-objdump
configure:6236: checking how to recognize dependent libraries
configure:6436: result: pass_all
configure:6521: checking for dlltool
configure:6548: result: dlltool
configure:6578: checking how to associate runtime and link libraries
configure:6605: result: printf %s\n
configure:6745: checking for archiver @FILE support
configure:6762: icc.pl -std=gnu89 -c -g -O2 -fdebug-prefix-map=/dev/shm/libpcre2/pcre2=. -Wformat -march=native -pipe -Wformat-security -Dregcomp=PCRE2regcomp -Dregexec=PCRE2regexec -Dregerror=PCRE2regerror -Dregfree=PCRE2regfree -Wdate-time -D_FORTIFY_SOURCE=2 conftest.c >&5
configure:6762: $? = 0
configure:6765: xiar.pl cr libconftest.a @conftest.lst >&5
xiar: executing 'ar'
ar: /lib/x86_64-linux-gnu/libz.so.1: no version information available (required by /usr/lib/x86_64-linux-gnu/libbfd-2.31.1-system.so)
configure:6768: $? = 0
configure:6773: xiar.pl cr libconftest.a @conftest.lst >&5
xiar: executing 'ar'
ar: /lib/x86_64-linux-gnu/libz.so.1: no version information available (required by /usr/lib/x86_64-linux-gnu/libbfd-2.31.1-system.so)
ar: conftest.o: No such file or directory
configure:6776: $? = 1
configure:6788: result: @
configure:6846: checking for strip
configure:6873: result: /usr/bin/x86_64-linux-gnu-strip
configure:6945: checking for ranlib
configure:6972: result: ranlib
configure:7074: checking command to parse /usr/bin/x86_64-linux-gnu-nm -B output from icc.pl -std=gnu89 object
configure:7227: icc.pl -std=gnu89 -c -g -O2 -fdebug-prefix-map=/dev/shm/libpcre2/pcre2=. -Wformat -march=native -pipe -Wformat-security -Dregcomp=PCRE2regcomp -Dregexec=PCRE2regexec -Dregerror=PCRE2regerror -Dregfree=PCRE2regfree -Wdate-time -D_FORTIFY_SOURCE=2 conftest.c >&5
conftest.c(5): remark #1419: external declaration in primary source file
  void nm_test_func(void);
       ^

configure:7230: $? = 0
configure:7234: /usr/bin/x86_64-linux-gnu-nm -B conftest.o \| sed -n -e 's/^.*[ ]\([ABCDGIRSTW][ABCDGIRSTW]*\)[ ][ ]*\([_A-Za-z][_A-Za-z0-9]*\)$/\1 \2 \2/p' | sed '/ __gnu_lto/d' \> conftest.nm
/usr/bin/x86_64-linux-gnu-nm: /lib/x86_64-linux-gnu/libz.so.1: no version information available (required by /usr/lib/x86_64-linux-gnu/libbfd-2.31.1-system.so)
configure:7237: $? = 0
configure:7303: icc.pl -std=gnu89 -o conftest -g -O2 -fdebug-prefix-map=/dev/shm/libpcre2/pcre2=. -Wformat -march=native -pipe -Wformat-security -Dregcomp=PCRE2regcomp -Dregexec=PCRE2regexec -Dregerror=PCRE2regerror -Dregfree=PCRE2regfree -Wdate-time -D_FORTIFY_SOURCE=2  conftest.c conftstm.o >&5
conftest.c(18): remark #1419: external declaration in primary source file
  extern int nm_test_func();
             ^

ipo: remark #11000: performing multi-file optimizations
ipo: remark #11006: generating object file /tmp/intel/ipo_iccTbdN9d.o
x86_64-linux-gnu-ld: /lib/x86_64-linux-gnu/libz.so.1: no version information available (required by /usr/lib/x86_64-linux-gnu/libbfd-2.31.1-system.so)
configure:7306: $? = 0
configure:7344: result: ok
configure:7391: checking for sysroot
configure:7421: result: no
configure:7428: checking for a working dd
configure:7466: result: /bin/dd
configure:7470: checking how to truncate binary pipes
configure:7485: result: /bin/dd bs=4096 count=1
configure:7621: icc.pl -std=gnu89 -c -g -O2 -fdebug-prefix-map=/dev/shm/libpcre2/pcre2=. -Wformat -march=native -pipe -Wformat-security -Dregcomp=PCRE2regcomp -Dregexec=PCRE2regexec -Dregerror=PCRE2regerror -Dregfree=PCRE2regfree -Wdate-time -D_FORTIFY_SOURCE=2 conftest.c >&5
configure:7624: $? = 0
configure:7814: checking for mt
configure:7830: found /bin/mt
configure:7841: result: mt
configure:7864: checking if mt is a manifest tool
configure:7870: mt '-?'
configure:7878: result: no
configure:8552: checking for dlfcn.h
configure:8552: icc.pl -std=gnu89 -c -g -O2 -fdebug-prefix-map=/dev/shm/libpcre2/pcre2=. -Wformat -march=native -pipe -Wformat-security -Dregcomp=PCRE2regcomp -Dregexec=PCRE2regexec -Dregerror=PCRE2regerror -Dregfree=PCRE2regfree -Wdate-time -D_FORTIFY_SOURCE=2 conftest.c >&5
configure:8552: $? = 0
configure:8552: result: yes
configure:8806: checking for objdir
configure:8821: result: .libs
configure:9085: checking if icc.pl -std=gnu89 supports -fno-rtti -fno-exceptions
configure:9103: icc.pl -std=gnu89 -c -g -O2 -fdebug-prefix-map=/dev/shm/libpcre2/pcre2=. -Wformat -march=native -pipe -Wformat-security -Dregcomp=PCRE2regcomp -Dregexec=PCRE2regexec -Dregerror=PCRE2regerror -Dregfree=PCRE2regfree -Wdate-time -D_FORTIFY_SOURCE=2 -fno-rtti -fno-exceptions conftest.c >&5
configure:9107: $? = 0
configure:9120: result: yes
configure:9478: checking for icc.pl -std=gnu89 option to produce PIC
configure:9485: result: -fPIC -DPIC
configure:9493: checking if icc.pl -std=gnu89 PIC flag -fPIC -DPIC works
configure:9511: icc.pl -std=gnu89 -c -g -O2 -fdebug-prefix-map=/dev/shm/libpcre2/pcre2=. -Wformat -march=native -pipe -Wformat-security -Dregcomp=PCRE2regcomp -Dregexec=PCRE2regexec -Dregerror=PCRE2regerror -Dregfree=PCRE2regfree -Wdate-time -D_FORTIFY_SOURCE=2 -fPIC -DPIC -DPIC conftest.c >&5
configure:9515: $? = 0
configure:9528: result: yes
configure:9557: checking if icc.pl -std=gnu89 static flag -static works
ipo: remark #11001: performing single-file optimizations
ipo: remark #11006: generating object file /tmp/intel/ipo_icc8tHhqO.o
x86_64-linux-gnu-ld: /lib/x86_64-linux-gnu/libz.so.1: no version information available (required by /usr/lib/x86_64-linux-gnu/libbfd-2.31.1-system.so)
x86_64-linux-gnu-ld: /opt/intel/compilers_and_libraries_2019.1.144/linux/compiler/lib/intel64_lin/libiomp5.a(ompt-general.o): in function `ompt_pre_init':
(.text+0x2450): warning: Using 'dlopen' in statically linked applications requires at runtime the shared libraries from the glibc version used for linking
configure:9585: result: no
configure:9600: checking if icc.pl -std=gnu89 supports -c -o file.o
configure:9621: icc.pl -std=gnu89 -c -g -O2 -fdebug-prefix-map=/dev/shm/libpcre2/pcre2=. -Wformat -march=native -pipe -Wformat-security -Dregcomp=PCRE2regcomp -Dregexec=PCRE2regexec -Dregerror=PCRE2regerror -Dregfree=PCRE2regfree -Wdate-time -D_FORTIFY_SOURCE=2 -o out/conftest2.o conftest.c >&5
configure:9625: $? = 0
configure:9647: result: yes
configure:9655: checking if icc.pl -std=gnu89 supports -c -o file.o
configure:9702: result: yes
configure:9735: checking whether the icc.pl -std=gnu89 linker (/usr/bin/ld -m elf_x86_64) supports shared libraries
configure:10996: result: yes
configure:11033: checking whether -lc should be explicitly linked in
configure:11041: icc.pl -std=gnu89 -c -g -O2 -fdebug-prefix-map=/dev/shm/libpcre2/pcre2=. -Wformat -march=native -pipe -Wformat-security -Dregcomp=PCRE2regcomp -Dregexec=PCRE2regexec -Dregerror=PCRE2regerror -Dregfree=PCRE2regfree -Wdate-time -D_FORTIFY_SOURCE=2 conftest.c >&5
configure:11044: $? = 0
configure:11059: icc.pl -std=gnu89 -shared  -fPIC -DPIC conftest.o  -v -Wl,-soname -Wl,conftest -o conftest 2\>\&1 \| /bin/grep  -lc  \>/dev/null 2\>\&1
configure:11062: $? = 0
configure:11076: result: no
configure:11236: checking dynamic linker characteristics
configure:11817: icc.pl -std=gnu89 -o conftest -g -O2 -fdebug-prefix-map=/dev/shm/libpcre2/pcre2=. -Wformat -march=native -pipe -Wformat-security -Dregcomp=PCRE2regcomp -Dregexec=PCRE2regexec -Dregerror=PCRE2regerror -Dregfree=PCRE2regfree -Wdate-time -D_FORTIFY_SOURCE=2  -Wl,-rpath -Wl,/foo conftest.c  >&5
ipo: remark #11001: performing single-file optimizations
ipo: remark #11006: generating object file /tmp/intel/ipo_iccF1OKZ6.o
x86_64-linux-gnu-ld: /lib/x86_64-linux-gnu/libz.so.1: no version information available (required by /usr/lib/x86_64-linux-gnu/libbfd-2.31.1-system.so)
configure:11817: $? = 0
configure:12054: result: GNU/Linux ld.so
configure:12176: checking how to hardcode library paths into programs
configure:12201: result: immediate
configure:12749: checking whether stripping libraries is possible
configure:12758: result: yes
configure:12800: checking if libtool supports shared libraries
configure:12802: result: yes
configure:12805: checking whether to build shared libraries
configure:12830: result: yes
configure:12833: checking whether to build static libraries
configure:12837: result: yes
configure:12874: checking whether ln -s works
configure:12878: result: yes
configure:12894: checking whether the -Werror option is usable
configure:12913: icc.pl -std=gnu89 -c -g -O2 -fdebug-prefix-map=/dev/shm/libpcre2/pcre2=. -Wformat -march=native -pipe -Wformat-security -Dregcomp=PCRE2regcomp -Dregexec=PCRE2regexec -Dregerror=PCRE2regerror -Dregfree=PCRE2regfree -Werror -Wdate-time -D_FORTIFY_SOURCE=2 conftest.c >&5
configure:12913: $? = 0
configure:12922: result: yes
configure:12924: checking for simple visibility declarations
configure:12951: icc.pl -std=gnu89 -c -g -O2 -fdebug-prefix-map=/dev/shm/libpcre2/pcre2=. -Wformat -march=native -pipe -Wformat-security -Dregcomp=PCRE2regcomp -Dregexec=PCRE2regexec -Dregerror=PCRE2regerror -Dregfree=PCRE2regfree -fvisibility=hidden -Werror -Wdate-time -D_FORTIFY_SOURCE=2 conftest.c >&5
conftest.c(30): remark #1419: external declaration in primary source file
               extern __attribute__((__visibility__("hidden"))) int hiddenfunc (void);
                                                                    ^

conftest.c(31): remark #1419: external declaration in primary source file
               extern __attribute__((__visibility__("default"))) int exportedfunc (void);
                                                                     ^

conftest.c(32): remark #1418: external function definition with no prior declaration
               void dummyfunc (void) {}
                    ^

configure:12951: $? = 0
configure:12960: result: yes
configure:13478: checking for ANSI C header files
configure:13582: result: yes
configure:13593: checking limits.h usability
configure:13593: icc.pl -std=gnu89 -c -g -O2 -fdebug-prefix-map=/dev/shm/libpcre2/pcre2=. -Wformat -march=native -pipe -Wformat-security -Dregcomp=PCRE2regcomp -Dregexec=PCRE2regexec -Dregerror=PCRE2regerror -Dregfree=PCRE2regfree -Wdate-time -D_FORTIFY_SOURCE=2 conftest.c >&5
configure:13593: $? = 0
configure:13593: result: yes
configure:13593: checking limits.h presence
configure:13593: icc.pl -E -Wdate-time -D_FORTIFY_SOURCE=2 conftest.c
configure:13593: $? = 0
configure:13593: result: yes
configure:13593: checking for limits.h
configure:13593: result: yes
configure:13593: checking for sys/types.h
configure:13593: result: yes
configure:13593: checking for sys/stat.h
configure:13593: result: yes
configure:13593: checking dirent.h usability
configure:13593: icc.pl -std=gnu89 -c -g -O2 -fdebug-prefix-map=/dev/shm/libpcre2/pcre2=. -Wformat -march=native -pipe -Wformat-security -Dregcomp=PCRE2regcomp -Dregexec=PCRE2regexec -Dregerror=PCRE2regerror -Dregfree=PCRE2regfree -Wdate-time -D_FORTIFY_SOURCE=2 conftest.c >&5
configure:13593: $? = 0
configure:13593: result: yes
configure:13593: checking dirent.h presence
configure:13593: icc.pl -E -Wdate-time -D_FORTIFY_SOURCE=2 conftest.c
configure:13593: $? = 0
configure:13593: result: yes
configure:13593: checking for dirent.h
configure:13593: result: yes
configure:13605: checking windows.h usability
configure:13605: icc.pl -std=gnu89 -c -g -O2 -fdebug-prefix-map=/dev/shm/libpcre2/pcre2=. -Wformat -march=native -pipe -Wformat-security -Dregcomp=PCRE2regcomp -Dregexec=PCRE2regexec -Dregerror=PCRE2regerror -Dregfree=PCRE2regfree -Wdate-time -D_FORTIFY_SOURCE=2 conftest.c >&5
conftest.c(71): catastrophic error: cannot open source file "windows.h"
  #include <windows.h>
                      ^

compilation aborted for conftest.c (code 4)
configure:13605: $? = 4
configure: failed program was:
| /* confdefs.h */
| #define PACKAGE_NAME "PCRE2"
| #define PACKAGE_TARNAME "pcre2"
| #define PACKAGE_VERSION "10.32"
| #define PACKAGE_STRING "PCRE2 10.32"
| #define PACKAGE_BUGREPORT ""
| #define PACKAGE_URL ""
| #define PACKAGE "pcre2"
| #define VERSION "10.32"
| #define STDC_HEADERS 1
| #define HAVE_SYS_TYPES_H 1
| #define HAVE_SYS_STAT_H 1
| #define HAVE_STDLIB_H 1
| #define HAVE_STRING_H 1
| #define HAVE_MEMORY_H 1
| #define HAVE_STRINGS_H 1
| #define HAVE_INTTYPES_H 1
| #define HAVE_STDINT_H 1
| #define HAVE_UNISTD_H 1
| #define __EXTENSIONS__ 1
| #define _ALL_SOURCE 1
| #define _GNU_SOURCE 1
| #define _POSIX_PTHREAD_SEMANTICS 1
| #define _TANDEM_SOURCE 1
| #define HAVE_DLFCN_H 1
| #define LT_OBJDIR ".libs/"
| #define PCRE2_EXP_DECL extern __attribute__ ((visibility ("default")))
| #define PCRE2_EXP_DEFN __attribute__ ((visibility ("default")))
| #define PCRE2POSIX_EXP_DECL extern __attribute__ ((visibility ("default")))
| #define PCRE2POSIX_EXP_DEFN extern __attribute__ ((visibility ("default")))
| #define HAVE_VISIBILITY 1
| #define STDC_HEADERS 1
| #define HAVE_LIMITS_H 1
| #define HAVE_SYS_TYPES_H 1
| #define HAVE_SYS_STAT_H 1
| #define HAVE_DIRENT_H 1
| /* end confdefs.h.  */
| #include <stdio.h>
| #ifdef HAVE_SYS_TYPES_H
| # include <sys/types.h>
| #endif
| #ifdef HAVE_SYS_STAT_H
| # include <sys/stat.h>
| #endif
| #ifdef STDC_HEADERS
| # include <stdlib.h>
| # include <stddef.h>
| #else
| # ifdef HAVE_STDLIB_H
| #  include <stdlib.h>
| # endif
| #endif
| #ifdef HAVE_STRING_H
| # if !defined STDC_HEADERS && defined HAVE_MEMORY_H
| #  include <memory.h>
| # endif
| # include <string.h>
| #endif
| #ifdef HAVE_STRINGS_H
| # include <strings.h>
| #endif
| #ifdef HAVE_INTTYPES_H
| # include <inttypes.h>
| #endif
| #ifdef HAVE_STDINT_H
| # include <stdint.h>
| #endif
| #ifdef HAVE_UNISTD_H
| # include <unistd.h>
| #endif
| #include <windows.h>
configure:13605: result: no
configure:13605: checking windows.h presence
configure:13605: icc.pl -E -Wdate-time -D_FORTIFY_SOURCE=2 conftest.c
conftest.c(38): error #2379: cannot open source file "windows.h"
  #include <windows.h>
                      ^

configure:13605: $? = 4
configure: failed program was:
| /* confdefs.h */
| #define PACKAGE_NAME "PCRE2"
| #define PACKAGE_TARNAME "pcre2"
| #define PACKAGE_VERSION "10.32"
| #define PACKAGE_STRING "PCRE2 10.32"
| #define PACKAGE_BUGREPORT ""
| #define PACKAGE_URL ""
| #define PACKAGE "pcre2"
| #define VERSION "10.32"
| #define STDC_HEADERS 1
| #define HAVE_SYS_TYPES_H 1
| #define HAVE_SYS_STAT_H 1
| #define HAVE_STDLIB_H 1
| #define HAVE_STRING_H 1
| #define HAVE_MEMORY_H 1
| #define HAVE_STRINGS_H 1
| #define HAVE_INTTYPES_H 1
| #define HAVE_STDINT_H 1
| #define HAVE_UNISTD_H 1
| #define __EXTENSIONS__ 1
| #define _ALL_SOURCE 1
| #define _GNU_SOURCE 1
| #define _POSIX_PTHREAD_SEMANTICS 1
| #define _TANDEM_SOURCE 1
| #define HAVE_DLFCN_H 1
| #define LT_OBJDIR ".libs/"
| #define PCRE2_EXP_DECL extern __attribute__ ((visibility ("default")))
| #define PCRE2_EXP_DEFN __attribute__ ((visibility ("default")))
| #define PCRE2POSIX_EXP_DECL extern __attribute__ ((visibility ("default")))
| #define PCRE2POSIX_EXP_DEFN extern __attribute__ ((visibility ("default")))
| #define HAVE_VISIBILITY 1
| #define STDC_HEADERS 1
| #define HAVE_LIMITS_H 1
| #define HAVE_SYS_TYPES_H 1
| #define HAVE_SYS_STAT_H 1
| #define HAVE_DIRENT_H 1
| /* end confdefs.h.  */
| #include <windows.h>
configure:13605: result: no
configure:13605: checking for windows.h
configure:13605: result: no
configure:13617: checking for sys/wait.h
configure:13617: result: yes
configure:13630: checking for stdint.h
configure:13630: result: yes
configure:13644: checking for inttypes.h
configure:13644: result: yes
configure:13740: checking for an ANSI C-conforming const
configure:13806: icc.pl -std=gnu89 -c -g -O2 -fdebug-prefix-map=/dev/shm/libpcre2/pcre2=. -Wformat -march=native -pipe -Wformat-security -Dregcomp=PCRE2regcomp -Dregexec=PCRE2regexec -Dregerror=PCRE2regerror -Dregfree=PCRE2regfree -Wdate-time -D_FORTIFY_SOURCE=2 conftest.c >&5
conftest.c(97): remark #111: statement is unreachable
    return 0;
    ^

configure:13806: $? = 0
configure:13813: result: yes
configure:13821: checking for size_t
configure:13821: icc.pl -std=gnu89 -c -g -O2 -fdebug-prefix-map=/dev/shm/libpcre2/pcre2=. -Wformat -march=native -pipe -Wformat-security -Dregcomp=PCRE2regcomp -Dregexec=PCRE2regexec -Dregerror=PCRE2regerror -Dregfree=PCRE2regfree -Wdate-time -D_FORTIFY_SOURCE=2 conftest.c >&5
conftest.c(80): remark #111: statement is unreachable
    return 0;
    ^

configure:13821: $? = 0
configure:13821: icc.pl -std=gnu89 -c -g -O2 -fdebug-prefix-map=/dev/shm/libpcre2/pcre2=. -Wformat -march=native -pipe -Wformat-security -Dregcomp=PCRE2regcomp -Dregexec=PCRE2regexec -Dregerror=PCRE2regerror -Dregfree=PCRE2regfree -Wdate-time -D_FORTIFY_SOURCE=2 conftest.c >&5
conftest.c(77): error: expected an expression
  if (sizeof ((size_t)))
                      ^

compilation aborted for conftest.c (code 4)
configure:13821: $? = 4
configure: failed program was:
| /* confdefs.h */
| #define PACKAGE_NAME "PCRE2"
| #define PACKAGE_TARNAME "pcre2"
| #define PACKAGE_VERSION "10.32"
| #define PACKAGE_STRING "PCRE2 10.32"
| #define PACKAGE_BUGREPORT ""
| #define PACKAGE_URL ""
| #define PACKAGE "pcre2"
| #define VERSION "10.32"
| #define STDC_HEADERS 1
| #define HAVE_SYS_TYPES_H 1
| #define HAVE_SYS_STAT_H 1
| #define HAVE_STDLIB_H 1
| #define HAVE_STRING_H 1
| #define HAVE_MEMORY_H 1
| #define HAVE_STRINGS_H 1
| #define HAVE_INTTYPES_H 1
| #define HAVE_STDINT_H 1
| #define HAVE_UNISTD_H 1
| #define __EXTENSIONS__ 1
| #define _ALL_SOURCE 1
| #define _GNU_SOURCE 1
| #define _POSIX_PTHREAD_SEMANTICS 1
| #define _TANDEM_SOURCE 1
| #define HAVE_DLFCN_H 1
| #define LT_OBJDIR ".libs/"
| #define PCRE2_EXP_DECL extern __attribute__ ((visibility ("default")))
| #define PCRE2_EXP_DEFN __attribute__ ((visibility ("default")))
| #define PCRE2POSIX_EXP_DECL extern __attribute__ ((visibility ("default")))
| #define PCRE2POSIX_EXP_DEFN extern __attribute__ ((visibility ("default")))
| #define HAVE_VISIBILITY 1
| #define STDC_HEADERS 1
| #define HAVE_LIMITS_H 1
| #define HAVE_SYS_TYPES_H 1
| #define HAVE_SYS_STAT_H 1
| #define HAVE_DIRENT_H 1
| #define HAVE_SYS_WAIT_H 1
| #define HAVE_STDINT_H 1
| #define HAVE_INTTYPES_H 1
| /* end confdefs.h.  */
| #include <stdio.h>
| #ifdef HAVE_SYS_TYPES_H
| # include <sys/types.h>
| #endif
| #ifdef HAVE_SYS_STAT_H
| # include <sys/stat.h>
| #endif
| #ifdef STDC_HEADERS
| # include <stdlib.h>
| # include <stddef.h>
| #else
| # ifdef HAVE_STDLIB_H
| #  include <stdlib.h>
| # endif
| #endif
| #ifdef HAVE_STRING_H
| # if !defined STDC_HEADERS && defined HAVE_MEMORY_H
| #  include <memory.h>
| # endif
| # include <string.h>
| #endif
| #ifdef HAVE_STRINGS_H
| # include <strings.h>
| #endif
| #ifdef HAVE_INTTYPES_H
| # include <inttypes.h>
| #endif
| #ifdef HAVE_STDINT_H
| # include <stdint.h>
| #endif
| #ifdef HAVE_UNISTD_H
| # include <unistd.h>
| #endif
| int
| main ()
| {
| if (sizeof ((size_t)))
| 	    return 0;
|   ;
|   return 0;
| }
configure:13821: result: yes
configure:13838: checking for bcopy
configure:13838: icc.pl -std=gnu89 -o conftest -g -O2 -fdebug-prefix-map=/dev/shm/libpcre2/pcre2=. -Wformat -march=native -pipe -Wformat-security -Dregcomp=PCRE2regcomp -Dregexec=PCRE2regexec -Dregerror=PCRE2regerror -Dregfree=PCRE2regfree -Wdate-time -D_FORTIFY_SOURCE=2  conftest.c  >&5
conftest.c(64): remark #1419: external declaration in primary source file
  char bcopy ();
       ^

conftest.c(77): remark #111: statement is unreachable
    return 0;
    ^

ipo: remark #11001: performing single-file optimizations
ipo: remark #11006: generating object file /tmp/intel/ipo_iccXQRUFJ.o
x86_64-linux-gnu-ld: /lib/x86_64-linux-gnu/libz.so.1: no version information available (required by /usr/lib/x86_64-linux-gnu/libbfd-2.31.1-system.so)
configure:13838: $? = 0
configure:13838: result: yes
configure:13838: checking for memmove
configure:13838: icc.pl -std=gnu89 -o conftest -g -O2 -fdebug-prefix-map=/dev/shm/libpcre2/pcre2=. -Wformat -march=native -pipe -Wformat-security -Dregcomp=PCRE2regcomp -Dregexec=PCRE2regexec -Dregerror=PCRE2regerror -Dregfree=PCRE2regfree -Wdate-time -D_FORTIFY_SOURCE=2  conftest.c  >&5
conftest.c(65): remark #1419: external declaration in primary source file
  char memmove ();
       ^

conftest.c(78): remark #111: statement is unreachable
    return 0;
    ^

ipo: remark #11001: performing single-file optimizations
ipo: remark #11006: generating object file /tmp/intel/ipo_iccfSn9Ys.o
x86_64-linux-gnu-ld: /lib/x86_64-linux-gnu/libz.so.1: no version information available (required by /usr/lib/x86_64-linux-gnu/libbfd-2.31.1-system.so)
configure:13838: $? = 0
configure:13838: result: yes
configure:13838: checking for strerror
configure:13838: icc.pl -std=gnu89 -o conftest -g -O2 -fdebug-prefix-map=/dev/shm/libpcre2/pcre2=. -Wformat -march=native -pipe -Wformat-security -Dregcomp=PCRE2regcomp -Dregexec=PCRE2regexec -Dregerror=PCRE2regerror -Dregfree=PCRE2regfree -Wdate-time -D_FORTIFY_SOURCE=2  conftest.c  >&5
conftest.c(66): remark #1419: external declaration in primary source file
  char strerror ();
       ^

conftest.c(79): remark #111: statement is unreachable
    return 0;
    ^

ipo: remark #11001: performing single-file optimizations
ipo: remark #11006: generating object file /tmp/intel/ipo_iccIBryJd.o
x86_64-linux-gnu-ld: /lib/x86_64-linux-gnu/libz.so.1: no version information available (required by /usr/lib/x86_64-linux-gnu/libbfd-2.31.1-system.so)
configure:13838: $? = 0
configure:13838: result: yes
configure:13838: checking for mkostemp
configure:13838: icc.pl -std=gnu89 -o conftest -g -O2 -fdebug-prefix-map=/dev/shm/libpcre2/pcre2=. -Wformat -march=native -pipe -Wformat-security -Dregcomp=PCRE2regcomp -Dregexec=PCRE2regexec -Dregerror=PCRE2regerror -Dregfree=PCRE2regfree -Wdate-time -D_FORTIFY_SOURCE=2  conftest.c  >&5
conftest.c(67): remark #1419: external declaration in primary source file
  char mkostemp ();
       ^

conftest.c(80): remark #111: statement is unreachable
    return 0;
    ^

ipo: remark #11001: performing single-file optimizations
ipo: remark #11006: generating object file /tmp/intel/ipo_iccvcr0xL.o
x86_64-linux-gnu-ld: /lib/x86_64-linux-gnu/libz.so.1: no version information available (required by /usr/lib/x86_64-linux-gnu/libbfd-2.31.1-system.so)
configure:13838: $? = 0
configure:13838: result: yes
configure:13838: checking for secure_getenv
configure:13838: icc.pl -std=gnu89 -o conftest -g -O2 -fdebug-prefix-map=/dev/shm/libpcre2/pcre2=. -Wformat -march=native -pipe -Wformat-security -Dregcomp=PCRE2regcomp -Dregexec=PCRE2regexec -Dregerror=PCRE2regerror -Dregfree=PCRE2regfree -Wdate-time -D_FORTIFY_SOURCE=2  conftest.c  >&5
conftest.c(68): remark #1419: external declaration in primary source file
  char secure_getenv ();
       ^

conftest.c(81): remark #111: statement is unreachable
    return 0;
    ^

ipo: remark #11001: performing single-file optimizations
ipo: remark #11006: generating object file /tmp/intel/ipo_iccrRy16u.o
x86_64-linux-gnu-ld: /lib/x86_64-linux-gnu/libz.so.1: no version information available (required by /usr/lib/x86_64-linux-gnu/libbfd-2.31.1-system.so)
configure:13838: $? = 0
configure:13838: result: yes
configure:13852: checking zlib.h usability
configure:13852: icc.pl -std=gnu89 -c -g -O2 -fdebug-prefix-map=/dev/shm/libpcre2/pcre2=. -Wformat -march=native -pipe -Wformat-security -Dregcomp=PCRE2regcomp -Dregexec=PCRE2regexec -Dregerror=PCRE2regerror -Dregfree=PCRE2regfree -Wdate-time -D_FORTIFY_SOURCE=2 conftest.c >&5
configure:13852: $? = 0
configure:13852: result: yes
configure:13852: checking zlib.h presence
configure:13852: icc.pl -E -Wdate-time -D_FORTIFY_SOURCE=2 conftest.c
configure:13852: $? = 0
configure:13852: result: yes
configure:13852: checking for zlib.h
configure:13852: result: yes
configure:13862: checking for gzopen in -lz
configure:13887: icc.pl -std=gnu89 -o conftest -g -O2 -fdebug-prefix-map=/dev/shm/libpcre2/pcre2=. -Wformat -march=native -pipe -Wformat-security -Dregcomp=PCRE2regcomp -Dregexec=PCRE2regexec -Dregerror=PCRE2regerror -Dregfree=PCRE2regfree -Wdate-time -D_FORTIFY_SOURCE=2  conftest.c -lz   >&5
conftest.c(54): remark #1419: external declaration in primary source file
  char gzopen ();
       ^

conftest.c(60): remark #111: statement is unreachable
    return 0;
    ^

ipo: remark #11001: performing single-file optimizations
ipo: remark #11006: generating object file /tmp/intel/ipo_iccJjzkKC.o
x86_64-linux-gnu-ld: /lib/x86_64-linux-gnu/libz.so.1: no version information available (required by /usr/lib/x86_64-linux-gnu/libbfd-2.31.1-system.so)
configure:13887: $? = 0
configure:13896: result: yes
configure:13921: checking bzlib.h usability
configure:13921: icc.pl -std=gnu89 -c -g -O2 -fdebug-prefix-map=/dev/shm/libpcre2/pcre2=. -Wformat -march=native -pipe -Wformat-security -Dregcomp=PCRE2regcomp -Dregexec=PCRE2regexec -Dregerror=PCRE2regerror -Dregfree=PCRE2regfree -Wdate-time -D_FORTIFY_SOURCE=2 conftest.c >&5
configure:13921: $? = 0
configure:13921: result: yes
configure:13921: checking bzlib.h presence
configure:13921: icc.pl -E -Wdate-time -D_FORTIFY_SOURCE=2 conftest.c
configure:13921: $? = 0
configure:13921: result: yes
configure:13921: checking for bzlib.h
configure:13921: result: yes
configure:13936: checking for libbz2
configure:13954: icc.pl -std=gnu89 -o conftest -g -O2 -fdebug-prefix-map=/dev/shm/libpcre2/pcre2=. -Wformat -march=native -pipe -Wformat-security -Dregcomp=PCRE2regcomp -Dregexec=PCRE2regexec -Dregerror=PCRE2regerror -Dregfree=PCRE2regfree -Wdate-time -D_FORTIFY_SOURCE=2  conftest.c  -lbz2 >&5
conftest.c(55): warning #810: conversion from "BZFILE *" to "int" may lose significant bits
  return (int)BZ2_bzopen("conftest", "rb");
         ^

conftest.c(57): remark #111: statement is unreachable
    return 0;
    ^

ipo: remark #11001: performing single-file optimizations
ipo: remark #11006: generating object file /tmp/intel/ipo_iccTanquG.o
x86_64-linux-gnu-ld: /lib/x86_64-linux-gnu/libz.so.1: no version information available (required by /usr/lib/x86_64-linux-gnu/libbfd-2.31.1-system.so)
configure:13954: $? = 0
configure:13955: result: yes
configure:14545: checking for the pthreads library -lpthreads
configure:14583: icc.pl -std=gnu89 -o conftest -g -O2 -fdebug-prefix-map=/dev/shm/libpcre2/pcre2=. -Wformat -march=native -pipe -Wformat-security -Dregcomp=PCRE2regcomp -Dregexec=PCRE2regexec -Dregerror=PCRE2regerror -Dregfree=PCRE2regfree  -Wdate-time -D_FORTIFY_SOURCE=2  conftest.c -lpthreads  >&5
conftest.c(52): remark #593: parameter "a" was set but never used
                          static void routine(void *a) { a = 0; }
                                                    ^

ipo: remark #11001: performing single-file optimizations
ipo: remark #11006: generating object file /tmp/intel/ipo_iccLyyDHt.o
x86_64-linux-gnu-ld: /lib/x86_64-linux-gnu/libz.so.1: no version information available (required by /usr/lib/x86_64-linux-gnu/libbfd-2.31.1-system.so)
x86_64-linux-gnu-ld: cannot find -lpthreads
configure:14583: $? = 1
configure: failed program was:
| /* confdefs.h */
| #define PACKAGE_NAME "PCRE2"
| #define PACKAGE_TARNAME "pcre2"
| #define PACKAGE_VERSION "10.32"
| #define PACKAGE_STRING "PCRE2 10.32"
| #define PACKAGE_BUGREPORT ""
| #define PACKAGE_URL ""
| #define PACKAGE "pcre2"
| #define VERSION "10.32"
| #define STDC_HEADERS 1
| #define HAVE_SYS_TYPES_H 1
| #define HAVE_SYS_STAT_H 1
| #define HAVE_STDLIB_H 1
| #define HAVE_STRING_H 1
| #define HAVE_MEMORY_H 1
| #define HAVE_STRINGS_H 1
| #define HAVE_INTTYPES_H 1
| #define HAVE_STDINT_H 1
| #define HAVE_UNISTD_H 1
| #define __EXTENSIONS__ 1
| #define _ALL_SOURCE 1
| #define _GNU_SOURCE 1
| #define _POSIX_PTHREAD_SEMANTICS 1
| #define _TANDEM_SOURCE 1
| #define HAVE_DLFCN_H 1
| #define LT_OBJDIR ".libs/"
| #define PCRE2_EXP_DECL extern __attribute__ ((visibility ("default")))
| #define PCRE2_EXP_DEFN __attribute__ ((visibility ("default")))
| #define PCRE2POSIX_EXP_DECL extern __attribute__ ((visibility ("default")))
| #define PCRE2POSIX_EXP_DEFN extern __attribute__ ((visibility ("default")))
| #define HAVE_VISIBILITY 1
| #define STDC_HEADERS 1
| #define HAVE_LIMITS_H 1
| #define HAVE_SYS_TYPES_H 1
| #define HAVE_SYS_STAT_H 1
| #define HAVE_DIRENT_H 1
| #define HAVE_SYS_WAIT_H 1
| #define HAVE_STDINT_H 1
| #define HAVE_INTTYPES_H 1
| #define HAVE_BCOPY 1
| #define HAVE_MEMMOVE 1
| #define HAVE_STRERROR 1
| #define HAVE_MKOSTEMP 1
| #define HAVE_SECURE_GETENV 1
| #define HAVE_ZLIB_H 1
| #define HAVE_BZLIB_H 1
| #define SUPPORT_PCRE2_8 /**/
| #define SUPPORT_PCRE2_16 /**/
| #define SUPPORT_PCRE2_32 /**/
| /* end confdefs.h.  */
| #include <pthread.h>
|                         static void routine(void *a) { a = 0; }
|                         static void *start_routine(void *a) { return a; }
| int
| main ()
| {
| pthread_t th; pthread_attr_t attr;
|                         pthread_create(&th, 0, start_routine, 0);
|                         pthread_join(th, 0);
|                         pthread_attr_init(&attr);
|                         pthread_cleanup_push(routine, 0);
|                         pthread_cleanup_pop(0) /* ; */
|   ;
|   return 0;
| }
configure:14592: result: no
configure:14490: checking whether pthreads work without any flags
configure:14583: icc.pl -std=gnu89 -o conftest -g -O2 -fdebug-prefix-map=/dev/shm/libpcre2/pcre2=. -Wformat -march=native -pipe -Wformat-security -Dregcomp=PCRE2regcomp -Dregexec=PCRE2regexec -Dregerror=PCRE2regerror -Dregfree=PCRE2regfree  -Wdate-time -D_FORTIFY_SOURCE=2  conftest.c   >&5
conftest.c(52): remark #593: parameter "a" was set but never used
                          static void routine(void *a) { a = 0; }
                                                    ^

ipo: remark #11001: performing single-file optimizations
ipo: remark #11006: generating object file /tmp/intel/ipo_icccPeIrt.o
x86_64-linux-gnu-ld: /lib/x86_64-linux-gnu/libz.so.1: no version information available (required by /usr/lib/x86_64-linux-gnu/libbfd-2.31.1-system.so)
configure:14583: $? = 0
configure:14592: result: yes
configure:14611: checking for joinable pthread attribute
configure:14626: icc.pl -std=gnu89 -o conftest -g -O2 -fdebug-prefix-map=/dev/shm/libpcre2/pcre2=. -Wformat -march=native -pipe -Wformat-security -Dregcomp=PCRE2regcomp -Dregexec=PCRE2regexec -Dregerror=PCRE2regerror -Dregfree=PCRE2regfree  -Wdate-time -D_FORTIFY_SOURCE=2  conftest.c   >&5
conftest.c(57): remark #111: statement is unreachable
    return 0;
    ^

ipo: remark #11001: performing single-file optimizations
ipo: remark #11006: generating object file /tmp/intel/ipo_iccvv8ioh.o
x86_64-linux-gnu-ld: /lib/x86_64-linux-gnu/libz.so.1: no version information available (required by /usr/lib/x86_64-linux-gnu/libbfd-2.31.1-system.so)
configure:14626: $? = 0
configure:14632: result: PTHREAD_CREATE_JOINABLE
configure:14642: checking if more special flags are required for pthreads
configure:14656: result: no
configure:14662: checking for PTHREAD_PRIO_INHERIT
configure:14680: icc.pl -std=gnu89 -o conftest -g -O2 -fdebug-prefix-map=/dev/shm/libpcre2/pcre2=. -Wformat -march=native -pipe -Wformat-security -Dregcomp=PCRE2regcomp -Dregexec=PCRE2regexec -Dregerror=PCRE2regerror -Dregfree=PCRE2regfree  -Wdate-time -D_FORTIFY_SOURCE=2  conftest.c   >&5
conftest.c(56): remark #177: variable "i" was declared but never referenced
  int i = PTHREAD_PRIO_INHERIT;
      ^

ipo: remark #11001: performing single-file optimizations
ipo: remark #11006: generating object file /tmp/intel/ipo_iccpc4rc1.o
x86_64-linux-gnu-ld: /lib/x86_64-linux-gnu/libz.so.1: no version information available (required by /usr/lib/x86_64-linux-gnu/libbfd-2.31.1-system.so)
configure:14680: $? = 0
configure:14689: result: yes
configure:15570: checking that generated files are newer than configure
configure:15576: result: done
configure:15639: creating ./config.status

## ---------------------- ##
## Running config.status. ##
## ---------------------- ##

This file was extended by PCRE2 config.status 10.32, which was
generated by GNU Autoconf 2.69.  Invocation command line was

  CONFIG_FILES    = 
  CONFIG_HEADERS  = 
  CONFIG_LINKS    = 
  CONFIG_COMMANDS = 
  $ ./config.status 

on server

config.status:1196: creating Makefile
config.status:1196: creating libpcre2-8.pc
config.status:1196: creating libpcre2-16.pc
config.status:1196: creating libpcre2-32.pc
config.status:1196: creating libpcre2-posix.pc
config.status:1196: creating pcre2-config
config.status:1196: creating src/pcre2.h
config.status:1196: creating src/config.h
config.status:1425: executing depfiles commands
config.status:1425: executing libtool commands
config.status:1425: executing script-chmod commands
config.status:1425: executing delete-old-chartables commands
configure:17797: WARNING: unrecognized options: --disable-maintainer-mode

## ---------------- ##
## Cache variables. ##
## ---------------- ##

ac_cv_build=x86_64-pc-linux-gnu
ac_cv_c_bigendian=no
ac_cv_c_compiler_clang=no
ac_cv_c_compiler_gnu=yes
ac_cv_c_const=yes
ac_cv_c_int64_t=yes
ac_cv_env_CC_set=set
ac_cv_env_CC_value=icc.pl
ac_cv_env_CFLAGS_set=set
ac_cv_env_CFLAGS_value='-g -O2 -fdebug-prefix-map=/dev/shm/libpcre2/pcre2=. -Wformat -march=native -pipe -Wformat-security -Dregcomp=PCRE2regcomp -Dregexec=PCRE2regexec -Dregerror=PCRE2regerror -Dregfree=PCRE2regfree'
ac_cv_env_CPPFLAGS_set=set
ac_cv_env_CPPFLAGS_value='-Wdate-time -D_FORTIFY_SOURCE=2'
ac_cv_env_CPP_set=set
ac_cv_env_CPP_value='icc.pl -E'
ac_cv_env_GENHTML_set=
ac_cv_env_GENHTML_value=
ac_cv_env_LCOV_set=
ac_cv_env_LCOV_value=
ac_cv_env_LDFLAGS_set=set
ac_cv_env_LDFLAGS_value=
ac_cv_env_LIBS_set=
ac_cv_env_LIBS_value=
ac_cv_env_LT_SYS_LIBRARY_PATH_set=
ac_cv_env_LT_SYS_LIBRARY_PATH_value=
ac_cv_env_PKG_CONFIG_LIBDIR_set=
ac_cv_env_PKG_CONFIG_LIBDIR_value=
ac_cv_env_PKG_CONFIG_PATH_set=
ac_cv_env_PKG_CONFIG_PATH_value=
ac_cv_env_PKG_CONFIG_set=
ac_cv_env_PKG_CONFIG_value=
ac_cv_env_VALGRIND_CFLAGS_set=
ac_cv_env_VALGRIND_CFLAGS_value=
ac_cv_env_VALGRIND_LIBS_set=
ac_cv_env_VALGRIND_LIBS_value=
ac_cv_env_build_alias_set=set
ac_cv_env_build_alias_value=x86_64-linux-gnu
ac_cv_env_host_alias_set=
ac_cv_env_host_alias_value=
ac_cv_env_target_alias_set=
ac_cv_env_target_alias_value=
ac_cv_func_asprintf=yes
ac_cv_func_bcopy=yes
ac_cv_func_gethostname=yes
ac_cv_func_getopt_long=yes
ac_cv_func_getpwuid=yes
ac_cv_func_gettimeofday=yes
ac_cv_func_memmove=yes
ac_cv_func_mkostemp=yes
ac_cv_func_mkstemp=yes
ac_cv_func_realpath=yes
ac_cv_func_secure_getenv=yes
ac_cv_func_setenv=yes
ac_cv_func_snprintf=yes
ac_cv_func_strerror=yes
ac_cv_func_strndup=yes
ac_cv_func_strtok_r=yes
ac_cv_func_unsetenv=yes
ac_cv_func_utimes=yes
ac_cv_func_vasprintf=yes
ac_cv_func_vsnprintf=yes
ac_cv_header_bzlib_h=yes
ac_cv_header_ctype_h=yes
ac_cv_header_dirent_dirent_h=yes
ac_cv_header_dirent_h=yes
ac_cv_header_dlfcn_h=yes
ac_cv_header_inttypes_h=yes
ac_cv_header_limits_h=yes
ac_cv_header_memory_h=yes
ac_cv_header_minix_config_h=no
ac_cv_header_pwd_h=yes
ac_cv_header_stdarg_h=yes
ac_cv_header_stdc=yes
ac_cv_header_stdint_h=yes
ac_cv_header_stdlib_h=yes
ac_cv_header_string_h=yes
ac_cv_header_strings_h=yes
ac_cv_header_sys_mman_h=yes
ac_cv_header_sys_stat_h=yes
ac_cv_header_sys_time_h=yes
ac_cv_header_sys_types_h=yes
ac_cv_header_sys_wait_h=yes
ac_cv_header_termios_h=yes
ac_cv_header_time=yes
ac_cv_header_unistd_h=yes
ac_cv_header_varargs_h=no
ac_cv_header_windows_h=no
ac_cv_header_zlib_h=yes
ac_cv_host=x86_64-pc-linux-gnu
ac_cv_lib_z_gzopen=yes
ac_cv_objext=o
ac_cv_path_EGREP='/bin/grep -E'
ac_cv_path_FGREP='/bin/grep -F'
ac_cv_path_GREP=/bin/grep
ac_cv_path_SED=/bin/sed
ac_cv_path_ac_pt_BASH=/bin/bash
ac_cv_path_install=/usr/bin/install
ac_cv_path_lt_DD=/bin/dd
ac_cv_prog_AWK=/usr/bin/gawk
ac_cv_prog_CPP='icc.pl -E'
ac_cv_prog_ac_ct_AR=xiar.pl
ac_cv_prog_ac_ct_CC=icc.pl
ac_cv_prog_ac_ct_DLLTOOL=dlltool
ac_cv_prog_ac_ct_MANIFEST_TOOL=mt
ac_cv_prog_ac_ct_OBJDUMP=/usr/bin/x86_64-linux-gnu-objdump
ac_cv_prog_ac_ct_RANLIB=ranlib
ac_cv_prog_ac_ct_STRIP=/usr/bin/x86_64-linux-gnu-strip
ac_cv_prog_cc_c89=-std=gnu89
ac_cv_prog_cc_c99=-std=gnu99
ac_cv_prog_cc_g=yes
ac_cv_prog_make_make_set=yes
ac_cv_safe_to_define___extensions__=yes
ac_cv_search_cos='none required'
ac_cv_search_opendir='none required'
ac_cv_type_long_long=yes
ac_cv_type_size_t=yes
ac_cv_type_unsigned_long_long_int=yes
am_cv_CC_dependencies_compiler_type=none
am_cv_ar_interface=ar
am_cv_make_support_nested_variables=yes
am_cv_prog_cc_c_o=yes
ax_cv_PTHREAD_PRIO_INHERIT=yes
ax_cv_c_float_words_bigendian=no
hw_cv_func_asprintf=yes
hw_cv_func_snprintf=yes
hw_cv_func_snprintf_c99=yes
hw_cv_func_vasprintf=yes
hw_cv_func_vsnprintf=yes
hw_cv_func_vsnprintf_c99=yes
lt_cv_ar_at_file=@
lt_cv_archive_cmds_need_lc=no
lt_cv_deplibs_check_method=pass_all
lt_cv_file_magic_cmd='$MAGIC_CMD'
lt_cv_file_magic_test_file=
lt_cv_ld_reload_flag=-r
lt_cv_nm_interface='BSD nm'
lt_cv_objdir=.libs
lt_cv_path_LD=/usr/bin/ld
lt_cv_path_NM='/usr/bin/x86_64-linux-gnu-nm -B'
lt_cv_path_mainfest_tool=no
lt_cv_prog_compiler_c_o=yes
lt_cv_prog_compiler_pic='-fPIC -DPIC'
lt_cv_prog_compiler_pic_works=yes
lt_cv_prog_compiler_rtti_exceptions=yes
lt_cv_prog_compiler_static_works=no
lt_cv_prog_gnu_ld=yes
lt_cv_sharedlib_from_linklib_cmd='printf %s\n'
lt_cv_shlibpath_overrides_runpath=yes
lt_cv_sys_global_symbol_pipe='sed -n -e '\''s/^.*[	 ]\([ABCDGIRSTW][ABCDGIRSTW]*\)[	 ][	 ]*\([_A-Za-z][_A-Za-z0-9]*\)$/\1 \2 \2/p'\'' | sed '\''/ __gnu_lto/d'\'''
lt_cv_sys_global_symbol_to_c_name_address='sed -n -e '\''s/^: \(.*\) .*$/  {"\1", (void *) 0},/p'\'' -e '\''s/^[ABCDGIRSTW][ABCDGIRSTW]* .* \(.*\)$/  {"\1", (void *) \&\1},/p'\'''
lt_cv_sys_global_symbol_to_c_name_address_lib_prefix='sed -n -e '\''s/^: \(.*\) .*$/  {"\1", (void *) 0},/p'\'' -e '\''s/^[ABCDGIRSTW][ABCDGIRSTW]* .* \(lib.*\)$/  {"\1", (void *) \&\1},/p'\'' -e '\''s/^[ABCDGIRSTW][ABCDGIRSTW]* .* \(.*\)$/  {"lib\1", (void *) \&\1},/p'\'''
lt_cv_sys_global_symbol_to_cdecl='sed -n -e '\''s/^T .* \(.*\)$/extern int \1();/p'\'' -e '\''s/^[ABCDGIRSTW][ABCDGIRSTW]* .* \(.*\)$/extern char \1;/p'\'''
lt_cv_sys_global_symbol_to_import=
lt_cv_sys_max_cmd_len=1572864
lt_cv_to_host_file_cmd=func_convert_file_noop
lt_cv_to_tool_file_cmd=func_convert_file_noop
lt_cv_truncate_bin='/bin/dd bs=4096 count=1'
pcre2_cv_cc_vis_werror=yes
pcre2_cv_cc_visibility=yes

## ----------------- ##
## Output variables. ##
## ----------------- ##

ACLOCAL='${SHELL} /dev/shm/libpcre2/pcre2/missing aclocal-1.16'
AMDEPBACKSLASH=''
AMDEP_FALSE=''
AMDEP_TRUE='#'
AMTAR='$${TAR-tar}'
AM_BACKSLASH='\'
AM_DEFAULT_V='$(AM_DEFAULT_VERBOSITY)'
AM_DEFAULT_VERBOSITY='1'
AM_V='$(V)'
AR='xiar.pl'
AS='/usr/bin/x86_64-linux-gnu-as'
AUTOCONF='${SHELL} /dev/shm/libpcre2/pcre2/missing autoconf'
AUTOHEADER='${SHELL} /dev/shm/libpcre2/pcre2/missing autoheader'
AUTOMAKE='${SHELL} /dev/shm/libpcre2/pcre2/missing automake-1.16'
AWK='/usr/bin/gawk'
CC='icc.pl -std=gnu89'
CCDEPMODE='depmode=none'
CFLAGS=' -g -O2 -fdebug-prefix-map=/dev/shm/libpcre2/pcre2=. -Wformat -march=native -pipe -Wformat-security -Dregcomp=PCRE2regcomp -Dregexec=PCRE2regexec -Dregerror=PCRE2regerror -Dregfree=PCRE2regfree'
CPP='icc.pl -E'
CPPFLAGS='-Wdate-time -D_FORTIFY_SOURCE=2'
CYGPATH_W='echo'
DEFS='-DHAVE_CONFIG_H'
DEPDIR='.deps'
DISTCHECK_CONFIGURE_FLAGS='CFLAGS='\'''\'' CXXFLAGS='\'''\'' --enable-pcre2-16 --enable-pcre2-32 --enable-jit'
DLLTOOL='dlltool'
DSYMUTIL=''
DUMPBIN=''
ECHO_C=''
ECHO_N='-n'
ECHO_T='	'
EGREP='/bin/grep -E'
EXEEXT=''
EXTRA_LIBPCRE2_16_LDFLAGS='    -version-info 7:1:7'
EXTRA_LIBPCRE2_32_LDFLAGS='    -version-info 7:1:7'
EXTRA_LIBPCRE2_8_LDFLAGS='    -version-info 7:1:7'
EXTRA_LIBPCRE2_POSIX_LDFLAGS='    -version-info 2:1:0'
FGREP='/bin/grep -F'
GCOV_CFLAGS=''
GCOV_CXXFLAGS=''
GCOV_LIBS=''
GENHTML=''
GREP='/bin/grep'
HAVE_VISIBILITY='1'
INSTALL_DATA='${INSTALL} -m 644'
INSTALL_PROGRAM='${INSTALL}'
INSTALL_SCRIPT='${INSTALL}'
INSTALL_STRIP_PROGRAM='$(install_sh) -c -s'
LCOV=''
LD='/usr/bin/ld -m elf_x86_64'
LDFLAGS=''
LIBBZ2=''
LIBOBJS=''
LIBREADLINE=''
LIBS=' '
LIBTOOL='$(SHELL) $(top_builddir)/libtool'
LIBZ=''
LIPO=''
LN_S='ln -s'
LTLIBOBJS=''
LT_SYS_LIBRARY_PATH=''
MAKEINFO='${SHELL} /dev/shm/libpcre2/pcre2/missing makeinfo'
MANIFEST_TOOL=':'
MKDIR_P='/bin/mkdir -p'
NM='/usr/bin/x86_64-linux-gnu-nm -B'
NMEDIT=''
OBJDUMP='/usr/bin/x86_64-linux-gnu-objdump'
OBJEXT='o'
OTOOL64=''
OTOOL=''
PACKAGE='pcre2'
PACKAGE_BUGREPORT=''
PACKAGE_NAME='PCRE2'
PACKAGE_STRING='PCRE2 10.32'
PACKAGE_TARNAME='pcre2'
PACKAGE_URL=''
PACKAGE_VERSION='10.32'
PATH_SEPARATOR=':'
PCRE2_DATE='2018-09-10'
PCRE2_HAVE_INTTYPES_H='1'
PCRE2_HAVE_STDINT_H='1'
PCRE2_MAJOR='10'
PCRE2_MINOR='32'
PCRE2_PRERELEASE=''
PCRE2_STATIC_CFLAG=''
PKG_CONFIG='/usr/bin/pkg-config'
PKG_CONFIG_LIBDIR=''
PKG_CONFIG_PATH=''
PTHREAD_CC='icc.pl -std=gnu89'
PTHREAD_CFLAGS=''
PTHREAD_LIBS=''
RANLIB='ranlib'
SED='/bin/sed'
SET_MAKE=''
SHELL='/bin/bash'
SHTOOL=''
STRIP='/usr/bin/x86_64-linux-gnu-strip'
VALGRIND_CFLAGS=''
VALGRIND_LIBS=''
VERSION='10.32'
VISIBILITY_CFLAGS='-fvisibility=hidden'
VISIBILITY_CXXFLAGS='-fvisibility=hidden -fvisibility-inlines-hidden'
WITH_DEBUG_FALSE=''
WITH_DEBUG_TRUE='#'
WITH_FUZZ_SUPPORT_FALSE=''
WITH_FUZZ_SUPPORT_TRUE='#'
WITH_GCOV_FALSE=''
WITH_GCOV_TRUE='#'
WITH_JIT_FALSE='#'
WITH_JIT_TRUE=''
WITH_PCRE2_16_FALSE='#'
WITH_PCRE2_16_TRUE=''
WITH_PCRE2_32_FALSE='#'
WITH_PCRE2_32_TRUE=''
WITH_PCRE2_8_FALSE='#'
WITH_PCRE2_8_TRUE=''
WITH_REBUILD_CHARTABLES_FALSE=''
WITH_REBUILD_CHARTABLES_TRUE='#'
WITH_UNICODE_FALSE='#'
WITH_UNICODE_TRUE=''
WITH_VALGRIND_FALSE=''
WITH_VALGRIND_TRUE='#'
ac_ct_AR='xiar.pl'
ac_ct_CC='icc.pl'
ac_ct_DUMPBIN=''
am__EXEEXT_FALSE=''
am__EXEEXT_TRUE='#'
am__fastdepCC_FALSE=''
am__fastdepCC_TRUE='#'
am__include='include'
am__isrc=''
am__leading_dot='.'
am__nodep=''
am__quote=''
am__tar='$${TAR-tar} chof - "$$tardir"'
am__untar='$${TAR-tar} xf -'
ax_pthread_config=''
bindir='${exec_prefix}/bin'
build='x86_64-pc-linux-gnu'
build_alias='x86_64-linux-gnu'
build_cpu='x86_64'
build_os='linux-gnu'
build_vendor='pc'
datadir='${datarootdir}'
datarootdir='${prefix}/share'
docdir='${datarootdir}/doc/${PACKAGE}'
dvidir='${docdir}'
enable_pcre2_16='yes'
enable_pcre2_32='yes'
enable_pcre2_8='yes'
exec_prefix='/usr'
host='x86_64-pc-linux-gnu'
host_alias=''
host_cpu='x86_64'
host_os='linux-gnu'
host_vendor='pc'
htmldir='${docdir}/html'
includedir='${prefix}/include'
infodir='${datarootdir}/info'
install_sh='${SHELL} /dev/shm/libpcre2/pcre2/install-sh'
libdir='${exec_prefix}/lib'
libexecdir='${prefix}/lib/x86_64-linux-gnu'
localedir='${datarootdir}/locale'
localstatedir='/var'
mandir='${datarootdir}/man'
mkdir_p='$(MKDIR_P)'
oldincludedir='/usr/include'
pdfdir='${docdir}'
prefix='/usr'
program_transform_name='s,x,x,'
psdir='${docdir}'
runstatedir='${localstatedir}/run'
sbindir='${exec_prefix}/sbin'
sharedstatedir='/var'
sysconfdir='/etc'
target_alias=''

## ----------- ##
## confdefs.h. ##
## ----------- ##

/* confdefs.h */
#define PACKAGE_NAME "PCRE2"
#define PACKAGE_TARNAME "pcre2"
#define PACKAGE_VERSION "10.32"
#define PACKAGE_STRING "PCRE2 10.32"
#define PACKAGE_BUGREPORT ""
#define PACKAGE_URL ""
#define PACKAGE "pcre2"
#define VERSION "10.32"
#define STDC_HEADERS 1
#define HAVE_SYS_TYPES_H 1
#define HAVE_SYS_STAT_H 1
#define HAVE_STDLIB_H 1
#define HAVE_STRING_H 1
#define HAVE_MEMORY_H 1
#define HAVE_STRINGS_H 1
#define HAVE_INTTYPES_H 1
#define HAVE_STDINT_H 1
#define HAVE_UNISTD_H 1
#define __EXTENSIONS__ 1
#define _ALL_SOURCE 1
#define _GNU_SOURCE 1
#define _POSIX_PTHREAD_SEMANTICS 1
#define _TANDEM_SOURCE 1
#define HAVE_DLFCN_H 1
#define LT_OBJDIR ".libs/"
#define PCRE2_EXP_DECL extern __attribute__ ((visibility ("default")))
#define PCRE2_EXP_DEFN __attribute__ ((visibility ("default")))
#define PCRE2POSIX_EXP_DECL extern __attribute__ ((visibility ("default")))
#define PCRE2POSIX_EXP_DEFN extern __attribute__ ((visibility ("default")))
#define HAVE_VISIBILITY 1
#define STDC_HEADERS 1
#define HAVE_LIMITS_H 1
#define HAVE_SYS_TYPES_H 1
#define HAVE_SYS_STAT_H 1
#define HAVE_DIRENT_H 1
#define HAVE_SYS_WAIT_H 1
#define HAVE_STDINT_H 1
#define HAVE_INTTYPES_H 1
#define HAVE_BCOPY 1
#define HAVE_MEMMOVE 1
#define HAVE_STRERROR 1
#define HAVE_MKOSTEMP 1
#define HAVE_SECURE_GETENV 1
#define HAVE_ZLIB_H 1
#define HAVE_BZLIB_H 1
#define SUPPORT_PCRE2_8 /**/
#define SUPPORT_PCRE2_16 /**/
#define SUPPORT_PCRE2_32 /**/
#define HAVE_PTHREAD_PRIO_INHERIT 1
#define HAVE_PTHREAD 1
#define SUPPORT_JIT /**/
#define SUPPORT_PCRE2GREP_JIT /**/
#define SUPPORT_PCRE2GREP_CALLOUT /**/
#define SUPPORT_UNICODE /**/
#define PCRE2GREP_BUFSIZE 20480
#define PCRE2GREP_MAX_BUFSIZE 1048576
#define NEWLINE_DEFAULT 2
#define LINK_SIZE 2
#define PARENS_NEST_LIMIT 250
#define MATCH_LIMIT 10000000
#define MATCH_LIMIT_DEPTH MATCH_LIMIT
#define HEAP_LIMIT 20000000
#define MAX_NAME_SIZE 32
#define MAX_NAME_COUNT 10000

configure: exit 0
